<?xml version="1.0" encoding="UTF-8"?>
<!-- Generated by org.testng.reporters.JUnitReportReporter -->
<testsuite hostname="Dinesh" failures="0" tests="4" name="Testing.App.NewTestchrome" time="20.866" errors="0" timestamp="2022-10-18T20:42:16 IST" skipped="0">
  <testcase classname="Testing.App.NewTestchrome" name="testinguser" time="3.803"/>
  <system-out/>
  <testcase classname="Testing.App.NewTestchrome" name="testingadmin" time="3.933"/>
  <system-out/>
  <testcase classname="Testing.App.NewTestchrome" name="usersignin" time="4.936"/>
  <system-out/>
  <testcase classname="Testing.App.NewTestchrome" name="adminsignin" time="8.194"/>
  <system-out/>
</testsuite> <!-- Testing.App.NewTestchrome -->
