<?xml version="1.0" encoding="UTF-8"?>
<!-- Generated by org.testng.reporters.JUnitReportReporter -->
<testsuite hostname="Dinesh" failures="0" tests="4" name="Testing.App.NewTest" time="35.767" errors="0" timestamp="2022-10-18T20:38:09 IST" skipped="0">
  <testcase classname="Testing.App.NewTest" name="testinguser" time="7.949"/>
  <system-out/>
  <testcase classname="Testing.App.NewTest" name="testingadmin" time="7.781"/>
  <system-out/>
  <testcase classname="Testing.App.NewTest" name="usersignin" time="11.332"/>
  <system-out/>
  <testcase classname="Testing.App.NewTest" name="adminsignin" time="8.705"/>
  <system-out/>
</testsuite> <!-- Testing.App.NewTest -->
